[    0.00000] Liux version 4.15.055-gneric (build@lcy01-md64-029) (gcc verson7.4.0 (Ubuntu 7..01ubuntu1~18.04.1)) #60-Ubuntu SMP Tue Jul 2 18:22:20 UTC 2019 (Ubuntu 4.15.0-55.60-generic 4.5.18)
[    0.000000] Command line: BOOT_IMAGE=/boot/vmlinuz-4.15.0-55-generic root=UUID=84b68602-df36-4d56-8934-50dd3bedf7f8 ro console=tty1 console=ttyS0
[    0.000000] KERNEL supported cpus:
[    0.000000]   Intel GenuineIntel
[    0.000000]   AMD AuthenticAMD
[    0.000000]   Centaur CentaurHauls
[    0.000000] x86/fpu: Supporting XSAVE feature 0x001: 'x87 floating point regisers'
[    0.00000]x86/fpu: Suppoting XSAV feature x002: 'SE regsters'
[    0.00000] 86/fpu: upportig XSAVE fatre 0x004: AV registers'
[    .000000] x86/fp: xsstate_offset[2]: 576, xstate_sizes[]: 256
[    0.00000] x86/fu: Enabled xsate fatures 0x7, context size is 832 btes, using'sandard' formt.
[   0.000000] e80: BIS-provided physicl RA map:
[    0.000000] IOS-820: [mem 0x0000000000000000-0x000000000009fbff] usable
[    0.000000] BIOS-e820: [mem 0x000000000009fc00-0x000000000009ffff] reserved
[    0.000000] BIOS-e820: [mem 0x00000000000f0000-0x00000000000fffff] reserved
[    0.000000] BIOS-e820: [mem 0x0000000000100000-0x000000003ffeffff] usable
[    0.000000] BIOS-e820: [mem 0x000000003fff0000-0x000000003fffffff] ACPI data
[    0.000000] BIOS-e820: [mem 0x00000000fec00000-0x00000000fec00fff] reserved
[    0.000000] BIOS-e820: [mem 0x00000000fee00000-0x00000000fee00fff] reserved
[    0.000000] BIOS-e820: [mem 0x00000000fffc0000-0x00000000ffffffff] reserved
[   0.000000] NX (Execute Disable) protection: active
[    0.000000] SMBIOS 2.5 present.
[    0.000000] DMI: innotek GmbH VirtualBox/VirtualBox, BIOS VirtualBox 12/01/2006
[    0.000000] Hypervisor detected: KVM
[    0.000000] e820: last_pfn = 0x3fff0 max_arch_pfn = 0x400000000
[    0.000000] MTRR: Disabled
[    0.000000] x86/PAT: MTRRs disabled, skipping PAT initialization too.
[    0.000000] CPU MTRRs all blank- vitualized system.
[   0.00000] x86/PAT: Configratio [0-7]: WB  WT  UC- UC WB WT  UC- U  
[   0.00000] foundSMP MP-table at [mem 0x0009fff0-0x0009ffff] maped at         (ptrval)]
[   0.00000] Scanning 1 areas fr ow memor coruption
[    0.000000] RAMDIS: [mem 0x598b000-0x3cbcfff]
[    0.00000]ACPI: Early table chcksum erification disabed
[    .000000] ACPI RSDP 0x0000000000E0000 0004 (v02 VBOX  )
[   0.000000] ACP: XSDT 0x000000003FFF030 0003C (v01 VBOX   VBOXXSDT 00000001 ASL  00000061)
[    0.000000] ACPI: FACP 0x000000003FFF00F0 0000F4 (v04 VBOX   VBOXFACP 00000001 ASL  00000061)
[    0.000000] ACPI: DSDT 0x000000003FFF0470 0021FF (v02 VBOX   VBOXBIOS 00000002 INTL 20100528)
[    0.000000] ACPI: FACS 0x000000003FFF0200 000040
[    0.000000] ACPI: FACS 0x000000003FF0200 000040
[    0.000000] ACPI: APIC 0x000000003FFF0240 00005C (v02 VBOX   VBOXAPIC 00000001 ASL  00000061)
[    0.000000] ACPI: SSDT 0x000000003FFF02A0 0001CC (v01 VBOX   VBOXCPUT 00000002 INTL 20100528)
[    0.000000] No NUMA configuration found
[    0.000000] Faking a node at [mem 0x0000000000000000-0x000000003ffeffff]
[    0.000000] NODE_DATA(0) allocated [mem 0x3ffc5000-0x3ffeffff]
[    0.000000] kvm-clock: cpu 0, msr 0:3ff44001, primary cpu clock
[    0.000000] kvm-clock: Using msrs 4b564d01 and 4b564d00
[    0.000000] kvm-clock: using sched offset of 4111188421 cycles
[    0.000000] clocksource: kvm-clock: mask: 0xffffffffffffffff max_cycles: 0x1cd42e4dffb, max_idle_ns: 881590591483 ns
[    0.00000 Zone ranges:
[    0.00000]   DA     [mem 0x0000000000001000-0x0000000000fffff]
[    0.000000]   DMA32   [em 0x0000000001000000-0x00000003feffff][    0.000000  Normal  empty
    0.000000]   Device   empty
[    0.00000] Movable zone stat for each node
[   0.00000] Early emorynode ranges
[   0.00000]   node   0: [mem 0x0000000000010000x000000000009fff]
[    0.00000]  node   0: [mem x000000000100000-0x00000003ffefff]
[    0.000000] Reserved but unavailable: 114 pages
[    0.000000] Initmem setup node 0 [mem 0x0000000000001000-0x000000003ffeffff]
[    0.000000] ACPI: PM-Timer IO Port: 0x4008
[    0.000000] IOAPIC[0]: apic_id 2, version 32, address 0xfec00000, GSI 0-23
[    0.000000] ACPI: INT_SRC_OVR (bus 0 bus_irq 0 global_irq 2 dfl dfl)
[    0.000000] ACPI: INT_SRC_OVR bus 0 busirq 9 gloal_irq 9low level)
[   0.00000] Using API (ADT) for SMP configuratio information
[    0.00000] smpboo: Alloing 2CPUs, 0 otlug CPUs
[    .000000] PM: Rgitered nosave memory: [mm 0x0000000-0x00000ff]
[   0.00000] PM: egisered nosavememory: mem 0x0009000-00009ffff]
[    .00000] PM:Registerd nosave memory: [mem 0x00a000-0x000effff]
[   0.00000] PM: Registered nosave memory: [mem 0x000f0000-0x000fffff]
[    0.000000] e820: [mem 0x40000000-0xfebfffff] available for PCI devices
[    0.000000]Booting paravirtualied kernel o KM
[   0.000000]clocksource refined-jiffies mask: 0xffffff max_cycles: 0xffffffff,max_ile_ns: 7645519600211568 ns
[    0.0000] ranom: get_andom_bytes called from startkenel+0x99/0x4fd with crg_init=
[    0.00000]setup_ercp: NR_CPUS:8192 nr_cpumask_bits:2 nr_cpu_ids:2 nr_ode_is:1
[    0.00000] prcpu: Embedde 46 ages/cpu @       (trval) s151552 r8192 28672u1048576
[   0.00000] PV spnlock has table entries: 256 (order: 0, 4096 bytes)
[    0.000000] Built 1 zonelists, mbility grouping on.  Total pages: 257913
[    0.000000] Policy zone: DMA32
[    0.000000] Kernel command line: BOOT_IMAGE=/boot/vmlinuz-4.15.0-55-generic root=UUID=84b68602-df364d568934-50dd3bedf7f8 ro console=tty1 console=ttyS0
[    0.000000] Memory: 982928K/104810K availble (1230K krnel code, 2473K rwdata, 4276K rodta, 408K init, 2416K bss, 6512K reerved, 0K cma-rseved)
[    0.00000] SLUB: HWlign=4, Order=-3, MnObjects=0, CPUs=2 Node=1
[    0.000000] Kernel/User pge tabes isolation: nabld
[    0.000000 ftrae: allocating 9219 ntries in 14 ages
[    0.004000] Hirarchcal RCU implementatin.
    0.004000] 	RC resricting CUs fom NR_CPUS=8192 to nr_cpu_id=2.
[    0.004000] 	Tasks RCU enable.
[    0.004000] RCU: Adjusting geometry for rcu_fanout_leaf=16, nr_cpu_ids=2
[    0.004000] NR_IRQS: 524544, nr_irqs: 440, preallocated irqs: 16
[    0.004000] Console: colour VGA+ 80x25
[    0.004000] console [tty1] enabled
[    0.004000] console [ttyS0] enabled
    0004000] ACPI: Core revision 20170831
[    0.004000] CPI: 2ACPI AML tables sccessfully cquired and loaded
[    .004000] APIC: Switch to symmetric I/O mode setup
[    0.004273] x2apic enabled
[    0.008006] Switched APIC routing to physical x2apic.
[    0.012954] ..TIMER: vector=0x30 apic1=0 pin1=2 apic2=-1 pin2=-1
[    0.016005] tsc: Detected 2194.918 MHz processor
[    0.020013] Calibrating delay loop (skipped) preset value.. 4389.83 BogoMIPS (lpj=8779672)
[    0.024006] pid_max: default: 32768 minimum: 301
[    0.028042] Security Framework initialized
[    0.032008] Yama: becoming mindful.
[    0.036038] AppArmor: AppArmor initialized
[    0.040162] Dentry cache hash table entries: 131072 (order: 8, 1048576 bytes)
[    0.044087] Inode-cache hash table entries: 65536 (order: 7, 524288 bytes)
[    0.048031] Mount-cache hash table entries: 2048 (order: 2, 16384 bytes)
[    0.052014] Mountpoint-cache hash table entries: 2048 (order: 2, 16384 bytes)
[    0.056239] mce: CPU supports 0 MCE banks
[    0.060019] Last level iTLB entries: 4KB 1024, 2MB 1024, 4MB 1024
[    0.064007] Last level dTLB entries: 4KB 1024, 2MB 1024, 4MB 1024, 1GB 4
[    0.068004] Spectre V2 : Mitigation: Full generic retpoline
[    0.072003] Spectre V2 : Spectre v2 / SpectreRSB mitigation: Filling RSB on context switch
[    0.076008] Speculative Store Bypass: Vulnerable
[    0.077483] MDS: Vulnerable: Clear CPU buffers attempted, no microcode
[    0.080094] Freeing SMP alternatives memory: 36K
[    0.084000] smpboot: CPU0: Intel(R) Core(TM) i7-4770HQ CPU @ 2.20GHz (family: 0x6, model: 0x46, stepping: 0x1)
[    0.084095] Performance Events: unsupported p6 CPU model 70 no PMU driver, software events only.
[    0.088062] Hierarchical SRCU implementation.
[    0.092584] NMI watchdog: Perf event create on CPU 0 failed with -2
[    0.096003] NMI watchdog: Perf NMI watchdog permanently disabled
[    0.100071] smp: Bringing up secondary CPUs ...
[    0.104116] x86: Booting SMP configuration:
[    0.108009] .... node  #0, CPUs:      #1
[    0.004000] kvm-clock: cpu 1, msr 0:3ff44041, secondary cpu clock
[    0.004000] mce: CPU supports 0 MCE banks
[    0.152026] smp: Brought up 1 node, 2 CPUs
[    0.156012] smpboot: Max logical packages: 1
[    0.160005] smpboot: Total of 2 processors activated (8779.67 BogoMIPS)
[    0.164174] devtmpfs: initialized
[    0.168139] x86/mm: Memory block size: 128MB
[    0.172156] evm: security.selinux
[    0.176007] evm: security.SMACK64
[    0.180003] evm: security.SMACK64EXEC
[    0.184003] evm: security.SMACK64TRANSMUTE
[    0.188005] evm: security.SMACK64MMAP
[    0.192005] evm: security.apparmor
[    0.192892] evm: security.ima
[    0.193655] evm: security.capability
[    0.196140] clocksource: jiffies: mask: 0xffffffff max_cycles: 0xffffffff, max_idle_ns: 7645041785100000 ns
[    0.200010] futex hash table entries: 512 (order: 3, 32768 bytes)
[    0.204068] pinctrl core: initialized pinctrl subsystem
[    0.209581] RTC time:  8:20:41, date: 08/11/19
[    0.212209] NET: Registered protocol family 16
[    0.216093] audit: initializing netlink subsys (disabled)
[    0.220055] audit: type=2000 audit(1565511639.142:1): state=initialized audit_enabled=0 res=1
[    0.276015] cpuidle: using governor ladder
[    0.280011] cpuidle: using governor menu
[    0.284056] ACPI: bus type PCI registered
[    0.288004] acpiphp: ACPI Hot Plug PCI Controller Driver version: 0.5
[    0.292136] PCI: Using configuration type 1 for base access
[    0.300019] HugeTLB registered 2.00 MiB page size, pre-allocated 0 pages
[    0.304104] ACPI: Added _OSI(Module Device)
[    0.308019] ACPI: Added _OSI(Processor Device)
[    0.312019] ACPI: Added _OSI(3.0 _SCP Extensions)
[    0.316009] ACPI: Added _OSI(Processor Aggregator Device)
[    0.317752] ACPI: Added _OSI(Linux-Dell-Video)
[    0.318994] ACPI: Added _OSI(Linux-Lenovo-NV-HDMI-Audio)
[    0.320004] ACPI: Added _OSI(Linux-HPI-Hybrid-Graphics)
[    0.322022] ACPI: Executed 1 blocks of module-level executable AML code
[    0.329573] ACPI: Interpreter enabled
[    0.330845] ACPI: (supports S0 S5)
[    0.332006] ACPI: Using IOAPIC for interrupt routing
[    0.334089] PCI: Using host bridge windows from ACPI; if necessary, use "pci=nocrs" and report a bug
[    0.336240] ACPI: Enabled 2 GPEs in block 00 to 07
[    0.345863] ACPI: PCI Root Bridge [PCI0] (domain 0000 [bus 00-ff])
[    0.348010] acpi PNP0A03:00: _OSC: OS supports [ASPM ClockPM Segments MSI]
[    0.352057] acpi PNP0A03:00: _OSC: not requesting OS control; OS requires [ExtendedConfig ASPM ClockPM MSI]
[    0.356015] acpi PNP0A03:00: fail to add MMCONFIG information, can't access extended PCI configuration space under this bridge.
[    0.360121] PCI host bridge to bus 0000:00
[    0.361149] pci_bus 0000:00: root bus resource [io  0x0000-0x0cf7 window]
[    0.362705] pci_bus 0000:00: root bus resource [io  0x0d00-0xffff window]
[    0.364003] pci_bus 0000:00: root bus resource [mem 0x000a0000-0x000bffff window]
[    0.365953] pci_bus 0000:00: root bus resource [mem 0x40000000-0xfdffffff window]
[    0.368011] pci_bus 0000:00: root bus resource [bus 00-ff]
[    0.378028] pci 0000:00:01.1: legacy IDE quirk: reg 0x10: [io  0x01f0-0x01f7]
[    0.380004] pci 0000:00:01.1: legacy IDE quirk: reg 0x14: [io  0x03f6]
[    0.384004] pci 0000:00:01.1: legacy IDE quirk: reg 0x18: [io  0x0170-0x0177]
[    0.388010] pci 0000:00:01.1: legacy IDE quirk: reg 0x1c: [io  0x0376]
[    0.410489] pci 0000:00:07.0: quirk: [io  0x4000-0x403f] claimed by PIIX4 ACPI
[    0.412031] pci 0000:00:07.0: quirk: [io  0x4100-0x410f] claimed by PIIX4 SMB
[    0.430104] ACPI: PCI Interrupt Link [LNKA] (IRQs 5 9 10 *11)
[    0.432338] ACPI: PCI Interrupt Link [LNKB] (IRQs 5 9 *10 11)
[    0.436156] ACPI: PCI Interrupt Link [LNKC] (IRQs 5 *9 10 11)
[    0.440191] ACPI: PCI Interrupt Link [LNKD] (IRQs 5 9 10 *11)
[    0.444472] SCSI subsystem initialized
[    0.448059] pci 0000:00:02.0: vgaarb: setting as boot VGA device
[    0.452000] pci 0000:00:02.0: vgaarb: VGA device added: decodes=io+mem,owns=io+mem,locks=none
[    0.452012] pci 0000:00:02.0: vgaarb: bridge control possible
[    0.456007] vgaarb: loaded
[    0.460055] ACPI: bus type USB registered
[    0.464036] usbcore: registered new interface driver usbfs
[    0.468023] usbcore: registered new interface driver hub
[    0.472068] usbcore: registered new device driver usb
[    0.476091] EDAC MC: Ver: 3.0.0
[    0.480468] PCI: Using ACPI for IRQ routing
[    0.484401] NetLabel: Initializing
[    0.488004] NetLabel:  domain hash size = 128
[    0.492006] NetLabel:  protocols = UNLABELED CIPSOv4 CALIPSO
[    0.496035] NetLabel:  unlabeled traffic allowed by default
[    0.500106] clocksource: Switched to clocksource kvm-clock
[    0.560874 VFS: isk qotasdquot_6.60
[    .67810] VF: quot-cach hash table entries:512 (order 0, 4096 bytes)
[    0.818316] AppArmor: AppArmor Filesystem Enabled
[    0.819780] pnp: PnP ACPI init
[    0.822418] pnp: PnP ACPI: found 3 devices

[    0.840993] clocksource: acpi_pm: mask: 0xffffff max_cycles: 0xfffff, maxide_ns: 208701024 ns
[    093797] NET Regstred roocol family 

[    1.1333] TCP estalishedhash tabl entris: 8192 (order: , 65536 btes)
[    1316018] TCPbindhashtableentris: 8192 (order: 5 131072 btes)
[    1.49421] TP: Hash tabls cofigued (etablised 892 bid 8192
[    .731457] UP ash table etries 512(oder: 2, 16384 bytes)

[    1.893595] UDP-Lite hash table entries: 512 (order: 2, 16384 bytes)
[    1.895456] NET: Registered protocol family 1
[    1.896883] pci 0000:00:00.0: Limiting direct PCI/PCI tansfers
[    1.924487] pci 000:00:1.0: Actiating ISA DMA hang workarounds
[    1.999723] pci 0000:00:02.0: Video device with shadowed ROM at [mem 0x000c0000-0x000dffff]
[    2.002343] Unpacking initramfs...

[    2.304557] Freeing initrd memory: 19656K
[    2.360899] clocksource: tsc: mask: 0xffffffffffffffff max_cycles: 0x1fa37202099, max_idle_ns: 440795206796 ns
[    2.408263] platform rtc_cmos: registered platform RTC device (no PNP device found)
[    2.449176] Scanning for low memory corruption every 60 seconds
[    2.495078] Initialise system trusted keyrings
[    2.522716] Key type blacklist registered
[    2.542935] workingset: timestamp_bits=36 max_order=18 bucket_order=0
[    2.582121] zbud: loaded
[    2.594727] squashfs: version 4.0 (2009/01/31) Phillip Lougher
[    2.623580] fuse init (API version 7.26)
[    2.660486] Key type asymmetric registered
[    2.700221] Asymmetric key parser 'x509' registered
[    2.750774] Block layer SCSI generic (bsg) driver version 0.4 loaded (major 246)
[    2.778387] io scheduler noop registered
[    2.805305] io scheduler deadline registered
[    2.822003] io scheduler cfq registered (default)
[    2.854893] ACPI: AC Adapter [AC] (on-line)
[    2.884798] input: Power Button as /devices/LNXSYSTM:00/LNXPWRBN:00/input/input0
[    2.925548] ACPI: Power Button [PWRF]
[    2.944829] input: Sleep Button as /devices/LNXSYSTM:00/LNXSLPBN:00/input/input1
[    2.983405] ACPI: Sleep Button [SLPF]
[    2.986748] Serial: 8250/16550 driver, 32 ports, IRQ sharing enabled
[    2.988226] ACPI: Battery Slot [BAT0] (battery present)
[    3.015062] 00:02: ttyS0 at I/O 0x3f8 (irq = 4, base_baud = 115200) is a 16550A
[    3.018875] Linux agpgart interface v0.103
[    3.021194] loop: module loaded
[    3.023079] scsi host0: ata_piix
[    3.024474] scsi host1: ata_piix
[    3.025534] ata1: PATA max UDMA/33 cmd 0x1f0 ctl 0x3f6 bmdma 0xd000 irq 14
[    3.027405] ata2: PATA max UDMA/33 cmd 0x170 ctl 0x376 bmdma 0xd008 irq 15
[    3.029808] libphy: Fixed MDIO Bus: probed
[    3.031076] tun: Universal TUN/TAP device driver, 1.6
[    3.032372] PPP generic driver version 2.4.2
[    3.033465] ehci_hcd: USB 2.0 'Enhanced' Host Controller (EHCI) Driver
[    3.035035] ehci-pci: EHCI PCI platform driver
[    3.036112] ehci-platform: EHCI generic platform driver
[    3.096303] ohci_hcd: USB 1.1 'Open' Host Controller (OHCI) Driver
[    3.135736] ohci-pci: OHCI PCI platform driver
[    3.154741] ohci-platform: OHCI generic platform driver
[    3.203185] uhci_hcd: USB Universal Host Controller Interface driver
[    3.269438] i8042: PNP: PS/2 Controller [PNP0303:PS2K,PNP0f03:PS2M] at 0x60,0x64 irq 1,12
[    3.298261] serio: i8042 KBD port at 0x60,0x64 irq 1
[    3.315879] serio: i8042 AUX port at 0x60,0x64 irq 12
[    3.350336] mousedev: PS/2 mouse device common for all mice
[    3.354814] input: AT Translated Set 2 keyboard as /devices/platform/i8042/serio0/input/input2
[    3.421691] rtc_cmos rtc_cmos: rtc core: registered rtc_cmos as rtc0
[    3.453890] rtc_cmos rtc_cmos: alarms up to one day, 114 bytes nvram
[    3.489749] i2c /dev entries driver
[    3.506336] device-mapper: uevent: version 1.0.3
[    3.525344] device-mapper: ioctl: 4.37.0-ioctl (2017-09-20) initialised: dm-devel@redhat.com
[    3.570550] ledtrig-cpu: registered to indicate activity on CPUs
[    3.609864] NET: Registered protocol family 10
[    3.640998] Segment Routing with IPv6
[    3.657123] NET: Registered protocol family 17
[    3.680976] Key type dns_resolver registered
[    3.713119] RAS: Correctable Errors collector initialized.
[    3.745552] sched_clock: Marking stable (3745518777, 0)->(13125688917, -9380170140)
[    3.795474] registered taskstats version 1
[    3.816557] Loading compiled-in X.509 certificates
[    3.875977] Loaded X.509 cert 'Build time autogenerated kernel key: 2ed9c0a78927f1fed24db33f01fd983502d97350'
[    3.944927] zswap: loaded using pool lzo/zbud
[    3.984684] Key type big_key registered
[    4.008746] Key type trusted registered
[    4.022980] Key type encrypted registered
[    4.045625] AppArmor: AppArmor sha1 policy hashing enabled
[    4.070249] ima: No TPM chip found, activating TPM-bypass! (rc=-19)
[    4.076927] ima: Allocated hash algorithm: sha1
[    4.080526] evm: HMAC attrs: 0x1
[    4.088579]   Magic number: 15:954:320
[    4.089735] tty tty45: hash matches
[    4.090965] rtc_cmos rtc_cmos: setting system clock to 2019-08-11 08:20:46 UTC (1565511646)
[    4.093689] BIOS EDD facility v0.16 2004-Jun-25, 0 devices found
[    4.097971] EDD information not available.
[    4.102051] Freeing unused kernel image memory: 2408K
[    4.120131] Write protecting the kernel read-only data: 20480k
[    4.122496] Freeing unused kernel image memory: 2008K
[    4.124026] Freeing unused kernel image memory: 1868K
[    4.131120] x86/mm: Checked W+X mappings: passed, no W+X pages found.
[    4.513920] x86/mm: Checking user space page tables
[    5.506481] x86/mm: Checked W+X mappings: passed, no W+X pages found.
Loading, please wait...
starting version 237
[    6.878109] Fusion MPT base driver 3.04.20
[    6.912999] Copyright (c) 1999-2008 LSI Corporation
[    6.964265] e1000: Intel(R) PRO/1000 Network Driver - version 7.3.21-k8-NAPI
[    7.029704] e1000: Copyright (c) 1999-2006 Intel Corporation.
[    7.099160] AVX2 version of gcm_enc/dec engaged.
[    7.115721] AES CTR mode by8 optimization enabled
[    7.139083] Fusion MPT SPI Host driver 3.04.20
[    7.318305] input: ImExPS/2 Generic Explorer Mouse as /devices/platform/i8042/serio1/input/input4
[    7.563750] e1000 0000:00:03.0 eth0: (PCI:33MHz:32-bit) 02:14:02:97:50:96
[    7.917985] e1000 0000:00:03.0 eth0: Intel(R) PRO/1000 Network Connection
[    8.442794] e1000 0000:00:08.0 eth1: (PCI:33MHz:32-bit) 08:00:27:db:da:da
[    8.445113] e1000 0000:00:08.0 eth1: Intel(R) PRO/1000 Network Connection
[    8.449358] e1000 0000:00:08.0 enp0s8: renamed from eth1
[    8.456712] mptbase: ioc0: Initiating bringup
[    8.465188] e1000 0000:00:03.0 enp0s3: renamed from eth0
[    8.564901] ioc0: LSI53C1030 A0: Capabilities={Initiator}
[    9.545342] scsi host2: ioc0: LSI53C1030 A0, FwRev=00000000h, Ports=1, MaxQ=256, IRQ=20
[   10.005080] scsi 2:0:0:0: Direct-Access     VBOX     HARDDISK         1.0  PQ: 0 ANSI: 5
[   10.932832] scsi target2:0:0: Beginning Domain Validation
[   10.964727] scsi target2:0:0: Domain Validation skipping write tests
[   11.033283] scsi target2:0:0: Ending Domain Validation
[   11.088495] scsi target2:0:0: asynchronous
[   11.392466] scsi 2:0:1:0: Direct-Access     VBOX     HARDDISK         1.0  PQ: 0 ANSI: 5
[   11.535193] scsi target2:0:1: Beginning Domain Validation
[   11.937126] random: fast init done
[   11.954820] scsi target2:0:1: Domain Validation skipping write tests
[   11.962081] scsi target2:0:1: Ending Domain Validation
[   11.989242] scsi target2:0:1: asynchronous
[   12.183099] random: systemd-udevd: uninitialized urandom read (16 bytes read)
[   12.188283] sd 2:0:0:0: Attached scsi generic sg0 type 0
[   12.188406] sd 2:0:1:0: Attached scsi generic sg1 type 0
[   12.238696] random: systemd-udevd: uninitialized urandom read (16 bytes read)
[   12.241955] random: systemd-udevd: uninitialized urandom read (16 bytes read)
[   12.249049] sd 2:0:1:0: [sdb] 20480 512-byte logical blocks: (10.5 MB/10.0 MiB)
[   12.260746] sd 2:0:0:0: [sda] 20971520 512-byte logical blocks: (10.7 GB/10.0 GiB)
[   12.260887] sd 2:0:0:0: [sda] Write Protect is off
[   12.261130] sd 2:0:0:0: [sda] Incomplete mode parameter data
[   12.261131] sd 2:0:0:0: [sda] Assuming drive cache: write through
[   12.296167]  sda: sda1
[   12.297796] sd 2:0:0:0: [sda] Attached SCSI disk
[   12.333612] sd 2:0:1:0: [sdb] Write Protect is off
[   12.337669] sd 2:0:1:0: [sdb] Incomplete mode parameter data
[   12.359052] sd 2:0:1:0: [sdb] Assuming drive cache: write through
[   12.370984] sd 2:0:1:0: [sdb] Attached SCSI disk
Begin: Loading essential drivers ... [   13.852342] raid6: sse2x1   gen() 10358 MB/s
[   13.904200] raid6: sse2x1   xor()  7357 MB/s
[   13.968135] raid6: sse2x2   gen() 10488 MB/s
[   14.016053] raid6: sse2x2   xor()  7447 MB/s
[   14.072324] raid6: sse2x4   gen() 14501 MB/s
[   14.124099] raid6: sse2x4   xor()  8901 MB/s
[   14.172085] raid6: avx2x1   gen() 20342 MB/s
[   14.240591] raid6: avx2x1   xor() 13703 MB/s
[   14.312110] raid6: avx2x2   gen() 23694 MB/s
[   14.376269] raid6: avx2x2   xor() 14728 MB/s
[   14.440088] raid6: avx2x4   gen() 25611 MB/s
[   14.496386] raid6: avx2x4   xor() 17011 MB/s
[   14.508651] raid6: using algorithm avx2x4 gen() 25611 MB/s
[   14.510028] raid6: .... xor() 17011 MB/s, rmw enabled
[   14.517154] raid6: using avx2x2 recovery algorithm
[   14.545986] xor: automatically using best checksumming function   avx       
[   14.575816] async_tx: api initialized (async)
done.
Begin: Running /scripts/init-premount ... done.
Begin: Mounting root file system ... Begin: Running /scr[   14.636924] Btrfs loaded, crc32c=crc32c-intel
ipts/local-top ... done.
Begin: Running /scripts/local-premount ... Scanning for Btrfs filesystems
done.
Warning: fsck no[   14.710665] EXT4-fs (sda1): INFO: recovery required on readonly filesystem
t present, so sk[   14.753068] EXT4-fs (sda1): write access will be enabled during recovery
ipping root file system
[   14.826040] EXT4-fs (sda1): recovery complete
[   14.827904] EXT4-fs (sda1): mounted filesystem with ordered data mode. Opts: (null)
done.
Begin: Running /scripts/local-bottom ... done.
Begin: Running /scripts/init-bottom ... done.
[   14.974097] ip_tables: (C) 2000-2006 Netfilter Core Team
[   15.191411] systemd[1]: systemd 237 running in system mode. (+PAM +AUDIT +SELINUX +IMA +APPARMOR +SMACK +SYSVINIT +UTMP +LIBCRYPTSETUP +GCRYPT +GNUTLS +ACL +XZ +LZ4 +SECCOMP +BLKID +ELFUTILS +KMOD -IDN2 +IDN -PCRE2 default-hierarchy=hybrid)
[   16.158666] systemd[1]: Detected virtualization oracle.
[   16.160854] systemd[1]: Detected architecture x86-64.

Welcome to [1mUbuntu 18.04.2 LTS[0m!

[   16.176427] systemd[1]: Set hostname to <ubuntu-bionic>.
[   16.412553] systemd[1]: Reached target System Time Synchronized.
[[0;32m  OK  [0m] Reached target System Time Synchronized.
[   16.415414] systemd[1]: Started Forward Password Requests to Wall Directory Watch.
[[0;32m  OK  [0m] Started Forward Password Requests to Wall Directory Watch.
[   16.456055] systemd[1]: Created slice User and Session Slice.
[[0;32m  OK  [0m] Created slice User and Session Slice.
[   17.165893] systemd[1]: Reached target Swap.
[[0;32m  OK  [0m] Reached target Swap.
[   17.181687] systemd[1]: Set up automount Arbitrary Executable File Formats File System Automount Point.
[[0;32m  OK  [0m] Set up automount Arbitrary Executab…rmats File System Automount Point.
[   17.188699] systemd[1]: Reached target User and Group Name Lookups.
[[0;32m  OK  [0m] Reached target User and Group Name Lookups.
[[0;32m  OK  [0m] Created slice System Slice.
[[0;32m  OK  [0m] Reached target Slices.
[[0;32m  OK  [0m] Listening on /dev/initctl Compatibility Named Pipe.
[[0;32m  OK  [0m] Listening on LVM2 metadata daemon socket.
[[0;32m  OK  [0m] Created slice system-postgresql.slice.
[[0;32m  OK  [0m] Listening on Network Service Netlink Socket.
[[0;32m  OK  [0m] Listening on Journal Audit Socket.
[[0;32m  OK  [0m] Created slice system-serial\x2dgetty.slice.
[[0;32m  OK  [0m] Listening on udev Kernel Socket.
[[0;32m  OK  [0m] Listening on Device-mapper event daemon FIFOs.
[[0;32m  OK  [0m] Listening on Journal Socket.
         Starting Monitoring of LVM2 mirrors…ng dmeventd or progress polling...
         Starting Create list of required st…ce nodes for the current kernel...
         Starting Uncomplicated firewall...
         Starting Remount Root and Kernel File Systems...
         Mounting Huge Pages File System...
         Starting Load Kernel Modules...
         Mounting POSIX Message Queue File System...
         Starting Set the console keyboard layout...
         Mounting Kernel Debug File System...
[   17.315955] EXT4-fs (sda1): re-mounted. Opts: (null)
[[0;32m  OK  [0m] Listening on LVM2 poll daemon socket.
[   17.328971] Loading iSCSI transport class v2.0-870.
[[0;32m  OK  [0m] Listening on Journal Socket (/dev/log).
[[0;32m  OK  [0m] Listening on udev Control Socket.[   17.340328] iscsi: registered transport (tcp)

         Starting udev Coldplug all Devices...
[[0;32m  OK  [0m] Listening on Syslog Socket.
         Starting Journal Service...
[[0;32m  OK  [0m] Started Creat[   17.383581] iscsi: registered transport (iser)
e list of required sta…vice nodes for the current kernel.
[[0;32m  OK  [0m] Started Journal Service.
[[0;32m  OK  [0m] Started Uncomplicated firewall.
[[0;32m  OK  [0m] Started Remount Root and Kernel File Systems.
[[0;32m  OK  [0m] Mounted Huge Pages File System.
[[0;32m  OK  [0m] Started Load Kernel Modules.
[[0;32m  OK  [0m] Mounted POSIX Message Queue File System.
[[0;32m  OK  [0m] Started Set the console keyboard layout.
[[0;32m  OK  [0m] Mounted Kernel Debug File System.
[[0;32m  OK  [0m] Started LVM2 metadata daemon.
         Starting Apply Kernel Variables...
         Mounting Kernel Configuration File System...
         Mounting FUSE Control File System...
         Starting Load/Save Random Seed...
         Starting Flush Journal to Persistent Storage...
         Starting Create Static Device Nodes in /dev...
[[0;32m  OK  [0m] Started Monitoring of LVM2 mirrors,…sing dmeventd or progress polling.
[[0;32m  OK  [0m] Started udev Coldplug all Devices.
[[0;32m  OK  [0m] Started Apply Kernel Variables.
[[0;32m  OK  [0m] Mounted Kernel Configuration File System.
[[0;32m  OK  [0m] Mounted FUSE Control File System.
[[0;32m  OK  [0m] Started Load/Save Random Seed.
[[0;32m  OK  [0m] Started Create Static Device Nodes in /dev.
         Starting udev Kernel Device Manager...
[[0;32m  OK  [0m] Reached target Local File Systems (Pre).
         Mounting Mount unit for heroku, revision 3784...
         Mounting Mount unit for core, revision 7270...
         Mounting Mount unit for heroku, revision 3776...
[[0;32m  OK  [0m] Reached target Local File Systems.
         Starting Tell Plymouth To Write Out Runtime Data...
         Starting ebtables ruleset management...
         Starting AppArmor initialization...
         Starting Set console font and keymap...
[[0;32m  OK  [0m] Started udev Kernel Device Manager.
[[0;32m  OK  [0m] Mounted Mount unit for heroku, revision 3784.
[[0;32m  OK  [0m] Mounted Mount unit for core, revision 7270.
[[0;32m  OK  [0m] Mounted Mount unit for heroku, revision 3776.
[[0;32m  OK  [0m] Started Tell Plymouth To Write Out Runtime Data.
[[0;32m  OK  [0m] Started Set console font and keymap.
[[0;32m  OK  [0m] Found device /dev/ttyS0.
[[0;32m  OK  [0m] Started Dispatch Password Requests to Console Directory Watch.
[[0;32m  OK  [0m] Reached target Local Encrypted Volumes.
[[0;32m  OK  [0m] Started ebtables ruleset management.
[[0;32m  OK  [0m] Listening on Load/Save RF Kill Switch Status /dev/rfkill Watch.
[[0;32m  OK  [0m] Started Flush Journal to Persistent Storage.
         Starting Create Volatile Files and Directories...
[[0;32m  OK  [0m] Started Create Volatile Files and Directories.
         Starting Update UTMP about System Boot/Shutdown...
[[0;32m  OK  [0m] Started Update UTMP about System Boot/Shutdown.
[[0;32m  OK  [0m] Started AppArmor initialization.
         Starting Initial cloud-init job (pre-networking)...
[   19.722923] cloud-init[615]: Cloud-init v. 19.1-1-gbaa47854-0ubuntu1~18.04.1 running 'init-local' at Sun, 11 Aug 2019 08:21:01 +0000. Up 19.52 seconds.
[[0;32m  OK  [0m] Started Initial cloud-init job (pre-networking).
[[0;32m  OK  [0m] Reached target Network (Pre).
         Starting Network Service...
[[0;32m  OK  [0m] Started Network Service.
         Starting Network Name Resolution...
         Starting Wait for Network to be Configured...
[[0;32m  OK  [0m] Started Network Name Resolution.
[[0;32m  OK  [0m] Reached target Network.
[[0;32m  OK  [0m] Reached target Host and Network Name Lookups.
[[0;32m  OK  [0m] Started Wait for Network to be Configured.
         Starting Initial cloud-init job (metadata service crawler)...
[   22.266676] cloud-init[748]: Cloud-init v. 19.1-1-gbaa47854-0ubuntu1~18.04.1 running 'init' at Sun, 11 Aug 2019 08:21:04 +0000. Up 22.13 seconds.
[   22.312290] cloud-init[748]: ci-info: ++++++++++++++++++++++++++++++++++++++Net device info+++++++++++++++++++++++++++++++++++++++
[   22.348318] cloud-init[748]: ci-info: +--------+------+-----------------------------+---------------+--------+-------------------+
[   22.384267] cloud-init[748]: ci-info: | Device |  Up  |           Address           |      Mask     | Scope  |     Hw-Address    |
[   22.420222] cloud-init[748]: ci-info: +--------+------+-----------------------------+---------------+--------+-------------------+
[   22.456448] cloud-init[748]: ci-info: | enp0s3 | True |          10.0.2.15          | 255.255.255.0 | global | 02:14:02:97:50:96 |
[[   22.492666] cloud-init[748]: ci-info: | enp0s3 | True |  fe80::14:2ff:fe97:5096/64  |       .       |  link  | 02:14:02:97:50:96 |
[0;32m  OK  [0m] Started Initial cloud-init job (metadata service crawler).
[   22.493054] cloud-init[748]: ci-info: | enp0s8 | True |        192.168.33.10        | 255.255.255.0 | global | 08:00:27:db:da:da |
[   22.576882] cloud-init[748]: ci-info: | enp0s8 | True | fe80::a00:27ff:fedb:dada/64 |       .       |  link  | 08:00:27:db:da:da |
[[0;32m  OK  [0m] Reached target Network is Online.
[   22.577094] cloud-init[748]: ci-info: |   lo   | True |          127.0.0.1          |   255.0.0.0   |  host  |         .         |
[[   22.661808] cloud-init[748]: ci-info: |   lo   | True |           ::1/128           |       .       |  host  |         .         |
[0;32m  OK  [0m] Reached target Remote File Systems (Pre).
[   22.662164] cloud-init[748]: ci-info: +--------+------+-----------------------------+---------------+--------+-------------------+
[[   22.753364] cloud-init[748]: ci-info: +++++++++++++++++++++++++++++Route IPv4 info+++++++++++++++++++++++++++++
[   22.753646] [0;32m  OK  [0mcloud-init] [748]: Reached target Remote File Systems.ci-info: +-------+--------------+----------+-----------------+-----------+-------+

[   22.754062] cloud-init[748]: ci-info: | Route | Destination  | Gateway  |     Genmask     | Interface | Flags |
[   22.780550] cloud-init[748]: ci-info: +-------+--------------+----------+-----------------+-----------+-------+
[   22.780653] cloud-init[748]: ci-info: |   0   |   0.0.0.0    | 10.0.2.2 |     0.0.0.0     |   enp0s3  |   UG  |
[   22.781508] cloud-init[748]: ci-info: |   1   |   10.0.2.0   | 0.0.0.0  |  255.255.255.0  |   enp0s3  |   U   |
[   22.782633] cloud-init[748]: ci-info: |   2   |   10.0.2.2   | 0.0.0.0  | 255.255.255.255 |   enp0s3  |   UH  |
[   22.783854] cloud-init[748]: ci-info: |   3   | 192.168.33.0 | 0.0.0.0  |  255.255.255.0  |   enp0s8  |   U   |
[   22.784878] cloud-init[748]: ci-info: +-------+--------------+----------+-----------------+-----------+-------+
[   22.786536] cloud-init[748]: ci-info: +++++++++++++++++++Route IPv6 info+++++++++++++++++++
[   22.787694] cloud-init[748]: ci-info: +-------+-------------+---------+-----------+-------+
[   22.787922] cloud-init[748]: ci-info: | Route | Destination | Gateway | Interface | Flags |
[   22.791051] cloud-init[748]: ci-info: +-------+-------------+---------+-----------+-------+
[   22.791856] cloud-init[748]: ci-info: |   1   |  fe80::/64  |    ::   |   enp0s8  |   U   |
[   22.793507] cloud-init[748]: ci-info: |   2   |  fe80::/64  |    ::   |   enp0s3  |   U   |
[   22.794365] cloud-init[748]: ci-info: |   4   |    local    |    ::   |   enp0s3  |   U   |
[   22.795156] cloud-init[748]: ci-info: |   5   |    local    |    ::   |   enp0s8  |   U   |
[   22.796003] cloud-init[748]: ci-info: |   6   |   ff00::/8  |    ::   |   enp0s8  |   U   |
[   22.797683] cloud-init[748]: ci-info: |   7   |   ff00::/8  |    ::   |   enp0s3  |   U   |
[   22.798663] cloud-init[748]: ci-info: +-------+-------------+---------+-----------+-------+
         Starting Availability of block devices...
[[0;32m  OK  [0m] Reached target System Initialization.
         Starting LXD - unix socket.
[[0;32m  OK  [0m] Started ACPI Events Check.
[[0;32m  OK  [0m] Listening on D-Bus System Message Bus Socket.
[[0;32m  OK  [0m] Listening on ACPID Listen Socket.
[[0;32m  OK  [0m] Listening on UUID daemon activation socket.
[[0;32m  OK  [0m] Started Daily apt download activities.
[[0;32m  OK  [0m] Started Daily apt upgrade and clean activities.
         Starting Socket activation for snappy daemon.
[[0;32m  OK  [0m] Started Discard unused blocks once a week.
[[0;32m  OK  [0m] Started Daily Cleanup of Temporary Directories.
[[0;32m  OK  [0m] Reached target Paths.
[[0;32m  OK  [0m] Listening on Open-iSCSI iscsid Socket.
[[0;32m  OK  [0m] Started Message of the Day.
[[0;32m  OK  [0m] Reached target Timers.
[[0;32m  OK  [0m] Reached target Cloud-config availability.
[[0;32m  OK  [0m] Started Availability of block devices.
[[0;32m  OK  [0m] Listening on LXD - unix socket.
[[0;32m  OK  [0m] Listening on Socket activation for snappy daemon.
[[0;32m  OK  [0m] Reached target Sockets.
[[0;32m  OK  [0m] Reached target Basic System.
         Starting PostgreSQL Cluster 10-main...
         Starting Resets System Activity Data Collector...
[[0;32m  OK  [0m] Started FUSE filesystem for LXC.
[[0;32m  OK  [0m] Started Deferred execution scheduler.
[[0;32m  OK  [0m] Started irqbalance daemon.
         Starting vboxadd.service...
         Starting Permit User Sessions...
         Starting LSB: Record successful boot for GRUB...
         Starting Snappy daemon...
         Starting Accounts Service...
[[0;32m  OK  [0m] Started Regular background program processing daemon.
         Starting Login Service...
         Starting Dispatcher daemon for systemd-networkd...
[[0;32m  OK  [0m] Started D-Bus System Message Bus.
         Starting System Logging Service...
         Starting LSB: automatic crash report generation...
         Starting OpenBSD Secure Shell server...
         Starting LXD - container startup/shutdown...
[[0;32m  OK  [0m] Started System Logging Service.
[[0;32m  OK  [0m] Started Resets System Activity Data Collector.
[[0;32m  OK  [0m] Started Permit User Sessions.
[[0;32m  OK  [0m] Started Login Service.
         Starting Authorization Manager...
[[0;32m  OK  [0m] Started Unattended Upgrades Shutdown.
         Starting Terminate Plymouth Boot Screen...
         Starting Hold until boot process finishes up...
[[0;32m  OK  [0m] Started Hold until boot process finishes up.
[[0;32m  OK  [0m] Started Serial Getty on ttyS0.
         Starting Set console scheme...
[[0;32m  OK  [0m] Started Terminate Plymouth Boot Screen.
[[0;32m  OK  [0m] Started LSB: automatic crash report generation.
[[0;32m  OK  [0m] Started Set console scheme.
[[0;32m  OK  [0m] Created slice system-getty.slice.
[[0;32m  OK  [0m] Started Getty on tty1.
[[0;32m  OK  [0m] Reached target Login Prompts.
[[0;32m  OK  [0m] Started Authorization Manager.
[[0;32m  OK  [0m] Started Accounts Service.
[[0;32m  OK  [0m] Started LSB: Record successful boot for GRUB.
[[0;32m  OK  [0m] Started vboxadd.service.
         Starting vboxadd-service.service...
[[0;32m  OK  [0m] Started OpenBSD Secure Shell server.
[[0;32m  OK  [0m] Started vboxadd-service.service.
[[0;32m  OK  [0m] Started LXD - container startup/shutdown.
[[0;32m  OK  [0m] Started Dispatcher daemon for systemd-networkd.
[[0;32m  OK  [0m] Created slice User Slice of vagrant.
         Starting User Manager for UID 1000...
[[0;32m  OK  [0m] Started Session 1 of user vagrant.
[[0;32m  OK  [0m] Started User Manager for UID 1000.
[[0;32m  OK  [0m] Started Snappy daemon.
         Starting Wait until snapd is fully seeded...
[[0;32m  OK  [0m] Started Wait until snapd is fully seeded.
         Starting Apply the settings specified in cloud-config...
[   25.640995] cloud-init[1318]: Cloud-init v. 19.1-1-gbaa47854-0ubuntu1~18.04.1 running 'modules:config' at Sun, 11 Aug 2019 08:21:07 +0000. Up 25.53 seconds.
[[0;32m  OK  [0m] Started Apply the settings specified in cloud-config.
[[0;32m  OK  [0m] Started PostgreSQL Cluster 10-main.
         Starting PostgreSQL RDBMS...
[[0;32m  OK  [0m] Started PostgreSQL RDBMS.
[[0;32m  OK  [0m] Reached target Multi-User System.
         Starting Execute cloud user/final scripts...
[[0;32m  OK  [0m] Reached target Graphical Interface.
         Starting Update UTMP about System Runlevel Changes...
[[0;32m  OK  [0m] Started Update UTMP about System Runlevel Changes.
[   27.491202] cloud-init[1535]: Cloud-init v. 19.1-1-gbaa47854-0ubuntu1~18.04.1 running 'modules:final' at Sun, 11 Aug 2019 08:21:09 +0000. Up 27.36 seconds.
[   27.498584] cloud-init[1535]: Cloud-init v. 19.1-1-gbaa47854-0ubuntu1~18.04.1 finished at Sun, 11 Aug 2019 08:21:09 +0000. Datasource DataSourceNoCloud [seed=/dev/sdb][dsmode=net].  Up 27.48 seconds
[[0;32m  OK  [0m] Started Execute cloud user/final scripts.
[[0;32m  OK  [0m] Reached target Cloud-init target.

Ubuntu 18.04.2 LTS ubuntu-bionic ttyS0

ubuntu-bionic login: 